Build started 11/22/2015 4:46:34 PM.
     1>Project "C:\Users\Sertan\Desktop\Heat_Transfer\ConsoleApplication1\ConsoleApplication1.vcxproj" on node 2 (Build target(s)).
     1>ClCompile:
         C:\Program Files (x86)\Microsoft Visual Studio 11.0\VC\bin\CL.exe /c /ZI /nologo /W3 /WX- /Od /Oy- /D WIN32 /D _DEBUG /D _CONSOLE /D _UNICODE /D UNICODE /Gm /EHsc /RTC1 /MDd /GS /fp:precise /Zc:wchar_t /Zc:forScope /openmp /Fo"Debug\\" /Fd"Debug\vc110.pdb" /Gd /TP /analyze- /errorReport:prompt Source.cpp
         Source.cpp
     1>c:\users\sertan\desktop\heat_transfer\consoleapplication1\source.cpp(98): warning C4244: '=' : conversion from 'double' to 'clock_t', possible loss of data
     1>c:\users\sertan\desktop\heat_transfer\consoleapplication1\source.cpp(19): warning C4101: 'H' : unreferenced local variable
     1>c:\users\sertan\desktop\heat_transfer\consoleapplication1\source.cpp(16): warning C4101: 'ans2' : unreferenced local variable
     1>c:\users\sertan\desktop\heat_transfer\consoleapplication1\source.cpp(198): warning C4244: '=' : conversion from 'double' to 'clock_t', possible loss of data
     1>c:\users\sertan\desktop\heat_transfer\consoleapplication1\source.cpp(114): warning C4101: 'H' : unreferenced local variable
     1>c:\users\sertan\desktop\heat_transfer\consoleapplication1\source.cpp(112): warning C4101: 'ans2' : unreferenced local variable
     1>c:\users\sertan\desktop\heat_transfer\consoleapplication1\source.cpp(295): warning C4244: '=' : conversion from 'double' to 'clock_t', possible loss of data
     1>c:\users\sertan\desktop\heat_transfer\consoleapplication1\source.cpp(212): warning C4101: 'H' : unreferenced local variable
     1>c:\users\sertan\desktop\heat_transfer\consoleapplication1\source.cpp(210): warning C4101: 'ans2' : unreferenced local variable
     1>c:\users\sertan\desktop\heat_transfer\consoleapplication1\source.cpp(393): warning C4244: '=' : conversion from 'double' to 'clock_t', possible loss of data
     1>c:\users\sertan\desktop\heat_transfer\consoleapplication1\source.cpp(309): warning C4101: 'H' : unreferenced local variable
     1>c:\users\sertan\desktop\heat_transfer\consoleapplication1\source.cpp(307): warning C4101: 'ans2' : unreferenced local variable
       Link:
         C:\Program Files (x86)\Microsoft Visual Studio 11.0\VC\bin\link.exe /ERRORREPORT:PROMPT /OUT:"C:\Users\Sertan\Desktop\Heat_Transfer\ConsoleApplication1\Debug\ConsoleApplication1.exe" /INCREMENTAL /NOLOGO kernel32.lib user32.lib gdi32.lib winspool.lib comdlg32.lib advapi32.lib shell32.lib ole32.lib oleaut32.lib uuid.lib odbc32.lib odbccp32.lib /MANIFEST /MANIFESTUAC:"level='asInvoker' uiAccess='false'" /manifest:embed /DEBUG /PDB:"C:\Users\Sertan\Desktop\Heat_Transfer\ConsoleApplication1\Debug\ConsoleApplication1.pdb" /SUBSYSTEM:CONSOLE /TLBID:1 /DYNAMICBASE /NXCOMPAT /IMPLIB:"C:\Users\Sertan\Desktop\Heat_Transfer\ConsoleApplication1\Debug\ConsoleApplication1.lib" /MACHINE:X86 Debug\Source.obj
         ConsoleApplication1.vcxproj -> C:\Users\Sertan\Desktop\Heat_Transfer\ConsoleApplication1\Debug\ConsoleApplication1.exe
     1>Done Building Project "C:\Users\Sertan\Desktop\Heat_Transfer\ConsoleApplication1\ConsoleApplication1.vcxproj" (Build target(s)).

Build succeeded.

Time Elapsed 00:00:02.23
